<?xml version="1.0" encoding="UTF-8"?>
<testsuite xmlns:xsi="http://www.w3.org/2001/XMLSchema-instance" xsi:noNamespaceSchemaLocation="https://maven.apache.org/surefire/maven-surefire-plugin/xsd/surefire-test-report-3.0.xsd" version="3.0" name="com.business.BusinessProjectApplicationTests" time="14.107" tests="1" errors="0" skipped="0" failures="0">
  <properties>
[...]
</properties>
  <testcase name="contextLoads" classname="com.business.BusinessProjectApplicationTests" time="1.202">
    <system-out><![CDATA[11:52:31.592 [main] INFO org.springframework.test.context.support.AnnotationConfigContextLoaderUtils -- Could not detect default configuration classes for test class [com.business.BusinessProjectApplicationTests]: BusinessProjectApplicationTests does not declare any static, non-private, non-final, nested classes annotated with @Configuration.
11:52:32.132 [main] INFO org.springframework.boot.test.context.SpringBootTestContextBootstrapper -- Found @SpringBootConfiguration com.business.BusinessProjectApplication for test class com.business.BusinessProjectApplicationTests

  .   ____          _            __ _ _
 /\\ / ___'_ __ _ _(_)_ __  __ _ \ \ \ \
( ( )\___ | '_ | '_| | '_ \/ _` | \ \ \ \
 \\/  ___)| |_)| | | | | || (_| |  ) ) ) )
  '  |____| .__|_| |_|_| |_\__, | / / / /
 =========|_|==============|___/=/_/_/_/
 :: Spring Boot ::                (v3.1.3)

2023-09-16T11:52:33.701+05:30  INFO 4584 --- [           main] c.b.BusinessProjectApplicationTests      : Starting BusinessProjectApplicationTests using Java 17.0.7 with PID 4584 (started by Suhas in D:\SPRING BOOT PROJECT\BusinessProject)
2023-09-16T11:52:33.704+05:30  INFO 4584 --- [           main] c.b.BusinessProjectApplicationTests      : No active profile set, falling back to 1 default profile: "default"
2023-09-16T11:52:35.534+05:30  INFO 4584 --- [           main] .s.d.r.c.RepositoryConfigurationDelegate : Bootstrapping Spring Data JPA repositories in DEFAULT mode.
2023-09-16T11:52:35.698+05:30  INFO 4584 --- [           main] .s.d.r.c.RepositoryConfigurationDelegate : Finished Spring Data repository scanning in 136 ms. Found 3 JPA repository interfaces.
2023-09-16T11:52:37.256+05:30  INFO 4584 --- [           main] o.hibernate.jpa.internal.util.LogHelper  : HHH000204: Processing PersistenceUnitInfo [name: default]
2023-09-16T11:52:37.687+05:30  INFO 4584 --- [           main] org.hibernate.Version                    : HHH000412: Hibernate ORM core version 6.2.7.Final
2023-09-16T11:52:37.692+05:30  INFO 4584 --- [           main] org.hibernate.cfg.Environment            : HHH000406: Using bytecode reflection optimizer
2023-09-16T11:52:38.108+05:30  INFO 4584 --- [           main] o.h.b.i.BytecodeProviderInitiator        : HHH000021: Bytecode provider name : bytebuddy
2023-09-16T11:52:38.433+05:30  INFO 4584 --- [           main] o.s.o.j.p.SpringPersistenceUnitInfo      : No LoadTimeWeaver setup: ignoring JPA class transformer
2023-09-16T11:52:38.476+05:30  INFO 4584 --- [           main] com.zaxxer.hikari.HikariDataSource       : springproject - Starting...
2023-09-16T11:52:39.452+05:30  INFO 4584 --- [           main] com.zaxxer.hikari.pool.HikariPool        : springproject - Added connection com.mysql.cj.jdbc.ConnectionImpl@34beadce
2023-09-16T11:52:39.457+05:30  INFO 4584 --- [           main] com.zaxxer.hikari.HikariDataSource       : springproject - Start completed.
2023-09-16T11:52:40.339+05:30  INFO 4584 --- [           main] o.h.b.i.BytecodeProviderInitiator        : HHH000021: Bytecode provider name : bytebuddy
2023-09-16T11:52:41.714+05:30  INFO 4584 --- [           main] o.h.e.t.j.p.i.JtaPlatformInitiator       : HHH000490: Using JtaPlatform implementation: [org.hibernate.engine.transaction.jta.platform.internal.NoJtaPlatform]
Hibernate: create table orders (o_id integer not null, o_name varchar(255), o_price float(53) not null, o_quantity integer not null, u_id integer, primary key (o_id)) engine=InnoDB
Hibernate: create table orders_seq (next_val bigint) engine=InnoDB
Hibernate: insert into orders_seq values ( 1 )
Hibernate: alter table product modify column pprice  float(53) not null
Hibernate: create table user (u_id integer not null auto_increment, uemail varchar(255), uname varchar(255), unumber bigint, upassword varchar(255), primary key (u_id)) engine=InnoDB
Hibernate: alter table orders add constraint FKiv32t7blhajf06yb56uol6mnj foreign key (u_id) references user (u_id)
2023-09-16T11:52:42.050+05:30  INFO 4584 --- [           main] j.LocalContainerEntityManagerFactoryBean : Initialized JPA EntityManagerFactory for persistence unit 'default'
2023-09-16T11:52:43.160+05:30  WARN 4584 --- [           main] JpaBaseConfiguration$JpaWebConfiguration : spring.jpa.open-in-view is enabled by default. Therefore, database queries may be performed during view rendering. Explicitly configure spring.jpa.open-in-view to disable this warning
2023-09-16T11:52:43.994+05:30  INFO 4584 --- [           main] c.b.BusinessProjectApplicationTests      : Started BusinessProjectApplicationTests in 11.139 seconds (process running for 14.341)
]]></system-out>
  </testcase>
</testsuite>